app/build/outputs/logs/manifest-merger-debug-report.txt
-- Merging decision tree log ---
manifest
ADDED from src/main/AndroidManifest.xml:2:1-56:12
	package
		ADDED from src/main/AndroidManifest.xml:3:11-51
		INJECTED from src/main/AndroidManifest.xml
		INJECTED from src/main/AndroidManifest.xml
	android:versionName
		INJECTED from src/main/AndroidManifest.xml
		INJECTED from src/main/AndroidManifest.xml
	xmlns:android
		ADDED from src/main/AndroidManifest.xml:2:11-69
	android:versionCode
		INJECTED from src/main/AndroidManifest.xml
		INJECTED from src/main/AndroidManifest.xml
uses-permission#android.permission.RECEIVE_BOOT_COMPLETED
ADDED from src/main/AndroidManifest.xml:5:5-80
	android:name
		ADDED from src/main/AndroidManifest.xml:5:22-78
application
ADDED from src/main/AndroidManifest.xml:7:5-54:19
MERGED from [com.android.support:design:25.1.1] AndroidManifest.xml:25:5-20
MERGED from [com.android.support:transition:25.1.1] AndroidManifest.xml:22:5-20
MERGED from [com.android.support:preference-v7:25.1.1] AndroidManifest.xml:9:5-20
MERGED from [com.android.support:appcompat-v7:25.1.1] AndroidManifest.xml:25:5-20
MERGED from [com.android.support:support-v4:25.1.1] AndroidManifest.xml:25:5-20
MERGED from [com.android.support:support-fragment:25.1.1] AndroidManifest.xml:25:5-20
MERGED from [com.android.support:support-media-compat:25.1.1] AndroidManifest.xml:25:5-20
MERGED from [com.android.support:support-core-utils:25.1.1] AndroidManifest.xml:25:5-20
MERGED from [com.android.support:animated-vector-drawable:25.1.1] AndroidManifest.xml:22:5-20
MERGED from [com.android.support:support-vector-drawable:25.1.1] AndroidManifest.xml:23:5-20
MERGED from [com.android.support:support-core-ui:25.1.1] AndroidManifest.xml:25:5-20
MERGED from [com.android.support:support-compat:25.1.1] AndroidManifest.xml:25:5-20
	android:label
		ADDED from src/main/AndroidManifest.xml:10:9-41
	android:supportsRtl
		ADDED from src/main/AndroidManifest.xml:11:9-35
	android:allowBackup
		ADDED from src/main/AndroidManifest.xml:8:9-35
	android:icon
		ADDED from src/main/AndroidManifest.xml:9:9-43
	android:theme
		ADDED from src/main/AndroidManifest.xml:12:9-40
activity#com.google.developer.taskmaker.MainActivity
ADDED from src/main/AndroidManifest.xml:13:9-19:20
	android:name
		ADDED from src/main/AndroidManifest.xml:13:19-47
intent-filter#android.intent.action.MAIN+android.intent.category.LAUNCHER
ADDED from src/main/AndroidManifest.xml:14:13-18:29
action#android.intent.action.MAIN
ADDED from src/main/AndroidManifest.xml:15:17-68
	android:name
		ADDED from src/main/AndroidManifest.xml:15:25-66
category#android.intent.category.LAUNCHER
ADDED from src/main/AndroidManifest.xml:17:17-76
	android:name
		ADDED from src/main/AndroidManifest.xml:17:27-74
activity#com.google.developer.taskmaker.SettingsActivity
ADDED from src/main/AndroidManifest.xml:21:9-24:57
	android:parentActivityName
		ADDED from src/main/AndroidManifest.xml:24:13-55
	android:exported
		ADDED from src/main/AndroidManifest.xml:23:13-37
	android:name
		ADDED from src/main/AndroidManifest.xml:22:13-45
activity#com.google.developer.taskmaker.AddTaskActivity
ADDED from src/main/AndroidManifest.xml:26:9-29:57
	android:parentActivityName
		ADDED from src/main/AndroidManifest.xml:29:13-55
	android:exported
		ADDED from src/main/AndroidManifest.xml:28:13-37
	android:name
		ADDED from src/main/AndroidManifest.xml:27:13-44
activity#com.google.developer.taskmaker.TaskDetailActivity
ADDED from src/main/AndroidManifest.xml:31:9-34:57
	android:parentActivityName
		ADDED from src/main/AndroidManifest.xml:34:13-55
	android:exported
		ADDED from src/main/AndroidManifest.xml:33:13-37
	android:name
		ADDED from src/main/AndroidManifest.xml:32:13-47
service#com.google.developer.taskmaker.data.TaskUpdateService
ADDED from src/main/AndroidManifest.xml:36:9-38:40
	android:exported
		ADDED from src/main/AndroidManifest.xml:38:13-37
	android:name
		ADDED from src/main/AndroidManifest.xml:37:13-51
service#com.google.developer.taskmaker.reminders.ReminderAlarmService
ADDED from src/main/AndroidManifest.xml:40:9-42:40
	android:exported
		ADDED from src/main/AndroidManifest.xml:42:13-37
	android:name
		ADDED from src/main/AndroidManifest.xml:41:13-59
provider#com.google.developer.taskmaker.data.TaskProvider
ADDED from src/main/AndroidManifest.xml:44:9-47:39
	android:authorities
		ADDED from src/main/AndroidManifest.xml:46:13-65
	android:exported
		ADDED from src/main/AndroidManifest.xml:47:13-37
	android:name
		ADDED from src/main/AndroidManifest.xml:45:13-46
service#com.google.developer.taskmaker.data.CleanupJobService
ADDED from src/main/AndroidManifest.xml:49:9-52:38
	android:exported
		ADDED from src/main/AndroidManifest.xml:52:13-36
	android:permission
		ADDED from src/main/AndroidManifest.xml:51:13-69
	android:name
		ADDED from src/main/AndroidManifest.xml:50:13-51
uses-sdk
INJECTED from src/main/AndroidManifest.xml reason: use-sdk injection requested
MERGED from [com.android.support:design:25.1.1] AndroidManifest.xml:21:5-23:62
MERGED from [com.android.support:transition:25.1.1] AndroidManifest.xml:20:5-44
MERGED from [com.android.support:preference-v7:25.1.1] AndroidManifest.xml:7:5-43
MERGED from [com.android.support:appcompat-v7:25.1.1] AndroidManifest.xml:21:5-23:78
MERGED from [com.android.support:support-v4:25.1.1] AndroidManifest.xml:21:5-23:54
MERGED from [com.android.support:support-fragment:25.1.1] AndroidManifest.xml:21:5-23:60
MERGED from [com.android.support:support-media-compat:25.1.1] AndroidManifest.xml:21:5-23:63
MERGED from [com.android.support:support-core-utils:25.1.1] AndroidManifest.xml:21:5-23:61
MERGED from [com.android.support:animated-vector-drawable:25.1.1] AndroidManifest.xml:20:5-44
MERGED from [com.android.support:support-vector-drawable:25.1.1] AndroidManifest.xml:21:5-43
MERGED from [com.android.support:recyclerview-v7:25.1.1] AndroidManifest.xml:20:5-43
MERGED from [com.android.support:support-core-ui:25.1.1] AndroidManifest.xml:21:5-23:58
MERGED from [com.android.support:support-compat:25.1.1] AndroidManifest.xml:21:5-23:58
	tools:overrideLibrary
		ADDED from [com.android.support:design:25.1.1] AndroidManifest.xml:23:9-59
	android:targetSdkVersion
		INJECTED from src/main/AndroidManifest.xml
		INJECTED from src/main/AndroidManifest.xml
	android:minSdkVersion
		INJECTED from src/main/AndroidManifest.xml
		INJECTED from src/main/AndroidManifest.xml